<?xml version="1.0" encoding="UTF-8"?>
<!-- Generated by org.testng.reporters.JUnitReportReporter -->
<testsuite hostname="MSI" failures="0" tests="1" name="com.Equarz.Testcases.Wishlisttest" time="43.317" errors="0" timestamp="2023-09-22T16:05:57 IST" skipped="0">
  <testcase classname="com.Equarz.Testcases.Wishlisttest" name="removeWishlist" time="43.317"/>
</testsuite> <!-- com.Equarz.Testcases.Wishlisttest -->
