<?xml version="1.0" encoding="UTF-8"?>
<!-- Generated by org.testng.reporters.JUnitReportReporter -->
<testsuite hostname="MSI" failures="0" tests="1" name="com.Equarz.Testcases.Buynowtest" time="65.086" errors="0" timestamp="2023-09-26T23:56:05 IST" skipped="0">
  <testcase classname="com.Equarz.Testcases.Buynowtest" name="Homecartbuynowtest" time="65.086"/>
</testsuite> <!-- com.Equarz.Testcases.Buynowtest -->
