<?xml version="1.0" encoding="UTF-8"?>
<!-- Generated by org.testng.reporters.JUnitReportReporter -->
<testsuite hostname="MSI" failures="0" tests="1" name="com.Equarz.Testcases.Homepagelinkstest" time="4.370" errors="0" timestamp="2023-09-27T14:41:10 IST" skipped="0">
  <testcase classname="com.Equarz.Testcases.Homepagelinkstest" name="featureproducttest" time="4.370"/>
</testsuite> <!-- com.Equarz.Testcases.Homepagelinkstest -->
